-------------------------------------------------------------------------------
Test set: sk.stuba.fei.uim.vsa.pr1.TeacherTest
-------------------------------------------------------------------------------
Tests run: 6, Failures: 1, Errors: 0, Skipped: 0, Time elapsed: 1.968 s <<< FAILURE! - in sk.stuba.fei.uim.vsa.pr1.TeacherTest
TE04_shouldUpdateTeacher  Time elapsed: 0.352 s  <<< FAILURE!
org.opentest4j.AssertionFailedError: expected: not <null>
	at sk.stuba.fei.uim.vsa.pr1.TeacherTest.TE04_shouldUpdateTeacher(TeacherTest.java:144)

---------------------------------------------------------------------
 
-------------------------------------------------------------------------------
Test set: sk.stuba.fei.uim.vsa.pr1.ThesisTest
-------------------------------------------------------------------------------
Tests run: 14, Failures: 1, Errors: 0, Skipped: 0, Time elapsed: 4.813 s <<< FAILURE! - in sk.stuba.fei.uim.vsa.pr1.ThesisTest
TH02_1_shouldAssignThesisToStudentWithAlreadyAssignedThesis  Time elapsed: 0.341 s  <<< FAILURE!
org.opentest4j.AssertionFailedError: expected: not <null>
	at sk.stuba.fei.uim.vsa.pr1.ThesisTest.TH02_1_shouldAssignThesisToStudentWithAlreadyAssignedThesis(ThesisTest.java:210)

---------------------------------------------------------------------
 
-------------------------------------------------------------------------------
Test set: sk.stuba.fei.uim.vsa.pr1.SanityCheckTest
-------------------------------------------------------------------------------
Tests run: 3, Failures: 0, Errors: 0, Skipped: 0, Time elapsed: 4.686 s - in sk.stuba.fei.uim.vsa.pr1.SanityCheckTest
---------------------------------------------------------------------
 
-------------------------------------------------------------------------------
Test set: sk.stuba.fei.uim.vsa.pr1.StudentTest
-------------------------------------------------------------------------------
Tests run: 6, Failures: 1, Errors: 0, Skipped: 0, Time elapsed: 2.366 s <<< FAILURE! - in sk.stuba.fei.uim.vsa.pr1.StudentTest
ST04_shouldUpdateStudent  Time elapsed: 0.571 s  <<< FAILURE!
org.opentest4j.AssertionFailedError: expected: not <null>
	at sk.stuba.fei.uim.vsa.pr1.StudentTest.ST04_shouldUpdateStudent(StudentTest.java:144)

---------------------------------------------------------------------
 
