-------------------------------------------------------------------------------
Test set: sk.stuba.fei.uim.vsa.pr1.TeacherTest
-------------------------------------------------------------------------------
Tests run: 6, Failures: 0, Errors: 0, Skipped: 0, Time elapsed: 1.369 s - in sk.stuba.fei.uim.vsa.pr1.TeacherTest
---------------------------------------------------------------------
 
-------------------------------------------------------------------------------
Test set: sk.stuba.fei.uim.vsa.pr1.ThesisTest
-------------------------------------------------------------------------------
Tests run: 14, Failures: 1, Errors: 0, Skipped: 0, Time elapsed: 3.005 s <<< FAILURE! - in sk.stuba.fei.uim.vsa.pr1.ThesisTest
TH02_1_shouldAssignThesisToStudentWithAlreadyAssignedThesis  Time elapsed: 0.23 s  <<< FAILURE!
org.opentest4j.AssertionFailedError: expected: not <null>
	at sk.stuba.fei.uim.vsa.pr1.ThesisTest.TH02_1_shouldAssignThesisToStudentWithAlreadyAssignedThesis(ThesisTest.java:210)

---------------------------------------------------------------------
 
-------------------------------------------------------------------------------
Test set: sk.stuba.fei.uim.vsa.pr1.SanityCheckTest
-------------------------------------------------------------------------------
Tests run: 3, Failures: 0, Errors: 0, Skipped: 0, Time elapsed: 2.245 s - in sk.stuba.fei.uim.vsa.pr1.SanityCheckTest
---------------------------------------------------------------------
 
-------------------------------------------------------------------------------
Test set: sk.stuba.fei.uim.vsa.pr1.StudentTest
-------------------------------------------------------------------------------
Tests run: 6, Failures: 0, Errors: 0, Skipped: 0, Time elapsed: 1.536 s - in sk.stuba.fei.uim.vsa.pr1.StudentTest
---------------------------------------------------------------------
 
